ERROR - 2026-07-20 11:58:07 --> Error connecting to the database: Exception: Unable to open database: unable to open database file in /home/aliah/Documents/Projet-final-S4/system/Database/SQLite3/Connection.php:111
Stack trace:
#0 /home/aliah/Documents/Projet-final-S4/system/Database/SQLite3/Connection.php(111): SQLite3->__construct()
#1 /home/aliah/Documents/Projet-final-S4/system/Database/BaseConnection.php(555): CodeIgniter\Database\SQLite3\Connection->connect()
#2 /home/aliah/Documents/Projet-final-S4/system/Database/SQLite3/Connection.php(74): CodeIgniter\Database\BaseConnection->initialize()
#3 /home/aliah/Documents/Projet-final-S4/system/Database/BaseConnection.php(795): CodeIgniter\Database\SQLite3\Connection->initialize()
#4 /home/aliah/Documents/Projet-final-S4/system/Database/BaseBuilder.php(1649): CodeIgniter\Database\BaseConnection->query()
#5 /home/aliah/Documents/Projet-final-S4/system/Model.php(295): CodeIgniter\Database\BaseBuilder->get()
#6 /home/aliah/Documents/Projet-final-S4/system/BaseModel.php(714): CodeIgniter\Model->doFirst()
#7 /home/aliah/Documents/Projet-final-S4/app/Models/ClientModel.php(31): CodeIgniter\BaseModel->first()
#8 /home/aliah/Documents/Projet-final-S4/app/Controllers/ClientController.php(28): App\Models\ClientModel->chercherClientParNumero()
#9 /home/aliah/Documents/Projet-final-S4/system/CodeIgniter.php(951): App\Controllers\ClientController->login()
#10 /home/aliah/Documents/Projet-final-S4/system/CodeIgniter.php(497): CodeIgniter\CodeIgniter->runController()
#11 /home/aliah/Documents/Projet-final-S4/system/CodeIgniter.php(340): CodeIgniter\CodeIgniter->handleRequest()
#12 /home/aliah/Documents/Projet-final-S4/system/Boot.php(417): CodeIgniter\CodeIgniter->run()
#13 /home/aliah/Documents/Projet-final-S4/system/Boot.php(68): CodeIgniter\Boot::runCodeIgniter()
#14 /home/aliah/Documents/Projet-final-S4/public/index.php(59): CodeIgniter\Boot::bootWeb()
#15 /home/aliah/Documents/Projet-final-S4/system/rewrite.php(44): require_once('...')
#16 {main}

Next CodeIgniter\Database\Exceptions\DatabaseException: SQLite3 error: Unable to open database: unable to open database file in /home/aliah/Documents/Projet-final-S4/system/Database/SQLite3/Connection.php:118
Stack trace:
#0 /home/aliah/Documents/Projet-final-S4/system/Database/BaseConnection.php(555): CodeIgniter\Database\SQLite3\Connection->connect()
#1 /home/aliah/Documents/Projet-final-S4/system/Database/SQLite3/Connection.php(74): CodeIgniter\Database\BaseConnection->initialize()
#2 /home/aliah/Documents/Projet-final-S4/system/Database/BaseConnection.php(795): CodeIgniter\Database\SQLite3\Connection->initialize()
#3 /home/aliah/Documents/Projet-final-S4/system/Database/BaseBuilder.php(1649): CodeIgniter\Database\BaseConnection->query()
#4 /home/aliah/Documents/Projet-final-S4/system/Model.php(295): CodeIgniter\Database\BaseBuilder->get()
#5 /home/aliah/Documents/Projet-final-S4/system/BaseModel.php(714): CodeIgniter\Model->doFirst()
#6 /home/aliah/Documents/Projet-final-S4/app/Models/ClientModel.php(31): CodeIgniter\BaseModel->first()
#7 /home/aliah/Documents/Projet-final-S4/app/Controllers/ClientController.php(28): App\Models\ClientModel->chercherClientParNumero()
#8 /home/aliah/Documents/Projet-final-S4/system/CodeIgniter.php(951): App\Controllers\ClientController->login()
#9 /home/aliah/Documents/Projet-final-S4/system/CodeIgniter.php(497): CodeIgniter\CodeIgniter->runController()
#10 /home/aliah/Documents/Projet-final-S4/system/CodeIgniter.php(340): CodeIgniter\CodeIgniter->handleRequest()
#11 /home/aliah/Documents/Projet-final-S4/system/Boot.php(417): CodeIgniter\CodeIgniter->run()
#12 /home/aliah/Documents/Projet-final-S4/system/Boot.php(68): CodeIgniter\Boot::runCodeIgniter()
#13 /home/aliah/Documents/Projet-final-S4/public/index.php(59): CodeIgniter\Boot::bootWeb()
#14 /home/aliah/Documents/Projet-final-S4/system/rewrite.php(44): require_once('...')
#15 {main}
CRITICAL - 2026-07-20 11:58:07 --> CodeIgniter\Database\Exceptions\DatabaseException: Unable to connect to the database.
Main connection [SQLite3]: SQLite3 error: Unable to open database: unable to open database file
[Method: POST, Route: login]
in SYSTEMPATH/Database/BaseConnection.php on line 606.
 1 SYSTEMPATH/Database/SQLite3/Connection.php(74): CodeIgniter\Database\BaseConnection->initialize()
 2 SYSTEMPATH/Database/BaseConnection.php(795): CodeIgniter\Database\SQLite3\Connection->initialize()
 3 SYSTEMPATH/Database/BaseBuilder.php(1649): CodeIgniter\Database\BaseConnection->query()
 4 SYSTEMPATH/Model.php(295): CodeIgniter\Database\BaseBuilder->get()
 5 SYSTEMPATH/BaseModel.php(714): CodeIgniter\Model->doFirst()
 6 APPPATH/Models/ClientModel.php(31): CodeIgniter\BaseModel->first()
 7 APPPATH/Controllers/ClientController.php(28): App\Models\ClientModel->chercherClientParNumero()
 8 SYSTEMPATH/CodeIgniter.php(951): App\Controllers\ClientController->login()
 9 SYSTEMPATH/CodeIgniter.php(497): CodeIgniter\CodeIgniter->runController()
10 SYSTEMPATH/CodeIgniter.php(340): CodeIgniter\CodeIgniter->handleRequest()
11 SYSTEMPATH/Boot.php(417): CodeIgniter\CodeIgniter->run()
12 SYSTEMPATH/Boot.php(68): CodeIgniter\Boot::runCodeIgniter()
13 FCPATH/index.php(59): CodeIgniter\Boot::bootWeb()
14 SYSTEMPATH/rewrite.php(44): require_once('/home/aliah/Documents/Projet-final-S4/public/index.php')
ERROR - 2026-07-20 12:01:57 --> Error connecting to the database: Exception: Unable to open database: unable to open database file in /home/aliah/Documents/Projet-final-S4/system/Database/SQLite3/Connection.php:111
Stack trace:
#0 /home/aliah/Documents/Projet-final-S4/system/Database/SQLite3/Connection.php(111): SQLite3->__construct()
#1 /home/aliah/Documents/Projet-final-S4/system/Database/BaseConnection.php(555): CodeIgniter\Database\SQLite3\Connection->connect()
#2 /home/aliah/Documents/Projet-final-S4/system/Database/SQLite3/Connection.php(74): CodeIgniter\Database\BaseConnection->initialize()
#3 /home/aliah/Documents/Projet-final-S4/system/Database/BaseConnection.php(795): CodeIgniter\Database\SQLite3\Connection->initialize()
#4 /home/aliah/Documents/Projet-final-S4/system/Database/BaseBuilder.php(1649): CodeIgniter\Database\BaseConnection->query()
#5 /home/aliah/Documents/Projet-final-S4/system/Model.php(295): CodeIgniter\Database\BaseBuilder->get()
#6 /home/aliah/Documents/Projet-final-S4/system/BaseModel.php(714): CodeIgniter\Model->doFirst()
#7 /home/aliah/Documents/Projet-final-S4/app/Models/ClientModel.php(37): CodeIgniter\BaseModel->first()
#8 /home/aliah/Documents/Projet-final-S4/app/Controllers/ClientController.php(28): App\Models\ClientModel->trouverOuCreerClient()
#9 /home/aliah/Documents/Projet-final-S4/system/CodeIgniter.php(951): App\Controllers\ClientController->login()
#10 /home/aliah/Documents/Projet-final-S4/system/CodeIgniter.php(497): CodeIgniter\CodeIgniter->runController()
#11 /home/aliah/Documents/Projet-final-S4/system/CodeIgniter.php(340): CodeIgniter\CodeIgniter->handleRequest()
#12 /home/aliah/Documents/Projet-final-S4/system/Boot.php(417): CodeIgniter\CodeIgniter->run()
#13 /home/aliah/Documents/Projet-final-S4/system/Boot.php(68): CodeIgniter\Boot::runCodeIgniter()
#14 /home/aliah/Documents/Projet-final-S4/public/index.php(59): CodeIgniter\Boot::bootWeb()
#15 /home/aliah/Documents/Projet-final-S4/system/rewrite.php(44): require_once('...')
#16 {main}

Next CodeIgniter\Database\Exceptions\DatabaseException: SQLite3 error: Unable to open database: unable to open database file in /home/aliah/Documents/Projet-final-S4/system/Database/SQLite3/Connection.php:118
Stack trace:
#0 /home/aliah/Documents/Projet-final-S4/system/Database/BaseConnection.php(555): CodeIgniter\Database\SQLite3\Connection->connect()
#1 /home/aliah/Documents/Projet-final-S4/system/Database/SQLite3/Connection.php(74): CodeIgniter\Database\BaseConnection->initialize()
#2 /home/aliah/Documents/Projet-final-S4/system/Database/BaseConnection.php(795): CodeIgniter\Database\SQLite3\Connection->initialize()
#3 /home/aliah/Documents/Projet-final-S4/system/Database/BaseBuilder.php(1649): CodeIgniter\Database\BaseConnection->query()
#4 /home/aliah/Documents/Projet-final-S4/system/Model.php(295): CodeIgniter\Database\BaseBuilder->get()
#5 /home/aliah/Documents/Projet-final-S4/system/BaseModel.php(714): CodeIgniter\Model->doFirst()
#6 /home/aliah/Documents/Projet-final-S4/app/Models/ClientModel.php(37): CodeIgniter\BaseModel->first()
#7 /home/aliah/Documents/Projet-final-S4/app/Controllers/ClientController.php(28): App\Models\ClientModel->trouverOuCreerClient()
#8 /home/aliah/Documents/Projet-final-S4/system/CodeIgniter.php(951): App\Controllers\ClientController->login()
#9 /home/aliah/Documents/Projet-final-S4/system/CodeIgniter.php(497): CodeIgniter\CodeIgniter->runController()
#10 /home/aliah/Documents/Projet-final-S4/system/CodeIgniter.php(340): CodeIgniter\CodeIgniter->handleRequest()
#11 /home/aliah/Documents/Projet-final-S4/system/Boot.php(417): CodeIgniter\CodeIgniter->run()
#12 /home/aliah/Documents/Projet-final-S4/system/Boot.php(68): CodeIgniter\Boot::runCodeIgniter()
#13 /home/aliah/Documents/Projet-final-S4/public/index.php(59): CodeIgniter\Boot::bootWeb()
#14 /home/aliah/Documents/Projet-final-S4/system/rewrite.php(44): require_once('...')
#15 {main}
CRITICAL - 2026-07-20 12:01:57 --> CodeIgniter\Database\Exceptions\DatabaseException: Unable to connect to the database.
Main connection [SQLite3]: SQLite3 error: Unable to open database: unable to open database file
[Method: POST, Route: login]
in SYSTEMPATH/Database/BaseConnection.php on line 606.
 1 SYSTEMPATH/Database/SQLite3/Connection.php(74): CodeIgniter\Database\BaseConnection->initialize()
 2 SYSTEMPATH/Database/BaseConnection.php(795): CodeIgniter\Database\SQLite3\Connection->initialize()
 3 SYSTEMPATH/Database/BaseBuilder.php(1649): CodeIgniter\Database\BaseConnection->query()
 4 SYSTEMPATH/Model.php(295): CodeIgniter\Database\BaseBuilder->get()
 5 SYSTEMPATH/BaseModel.php(714): CodeIgniter\Model->doFirst()
 6 APPPATH/Models/ClientModel.php(37): CodeIgniter\BaseModel->first()
 7 APPPATH/Controllers/ClientController.php(28): App\Models\ClientModel->trouverOuCreerClient()
 8 SYSTEMPATH/CodeIgniter.php(951): App\Controllers\ClientController->login()
 9 SYSTEMPATH/CodeIgniter.php(497): CodeIgniter\CodeIgniter->runController()
10 SYSTEMPATH/CodeIgniter.php(340): CodeIgniter\CodeIgniter->handleRequest()
11 SYSTEMPATH/Boot.php(417): CodeIgniter\CodeIgniter->run()
12 SYSTEMPATH/Boot.php(68): CodeIgniter\Boot::runCodeIgniter()
13 FCPATH/index.php(59): CodeIgniter\Boot::bootWeb()
14 SYSTEMPATH/rewrite.php(44): require_once('/home/aliah/Documents/Projet-final-S4/public/index.php')
ERROR - 2026-07-20 12:02:45 --> Error connecting to the database: Exception: Unable to open database: unable to open database file in /home/aliah/Documents/Projet-final-S4/system/Database/SQLite3/Connection.php:111
Stack trace:
#0 /home/aliah/Documents/Projet-final-S4/system/Database/SQLite3/Connection.php(111): SQLite3->__construct()
#1 /home/aliah/Documents/Projet-final-S4/system/Database/BaseConnection.php(555): CodeIgniter\Database\SQLite3\Connection->connect()
#2 /home/aliah/Documents/Projet-final-S4/system/Database/SQLite3/Connection.php(74): CodeIgniter\Database\BaseConnection->initialize()
#3 /home/aliah/Documents/Projet-final-S4/system/Database/BaseConnection.php(795): CodeIgniter\Database\SQLite3\Connection->initialize()
#4 /home/aliah/Documents/Projet-final-S4/system/Database/BaseConnection.php(1706): CodeIgniter\Database\BaseConnection->query()
#5 /home/aliah/Documents/Projet-final-S4/system/Database/BaseConnection.php(1726): CodeIgniter\Database\BaseConnection->listTables()
#6 /home/aliah/Documents/Projet-final-S4/app/Models/ClientModel.php(38): CodeIgniter\Database\BaseConnection->tableExists()
#7 /home/aliah/Documents/Projet-final-S4/app/Controllers/ClientController.php(28): App\Models\ClientModel->trouverOuCreerClient()
#8 /home/aliah/Documents/Projet-final-S4/system/CodeIgniter.php(951): App\Controllers\ClientController->login()
#9 /home/aliah/Documents/Projet-final-S4/system/CodeIgniter.php(497): CodeIgniter\CodeIgniter->runController()
#10 /home/aliah/Documents/Projet-final-S4/system/CodeIgniter.php(340): CodeIgniter\CodeIgniter->handleRequest()
#11 /home/aliah/Documents/Projet-final-S4/system/Boot.php(417): CodeIgniter\CodeIgniter->run()
#12 /home/aliah/Documents/Projet-final-S4/system/Boot.php(68): CodeIgniter\Boot::runCodeIgniter()
#13 /home/aliah/Documents/Projet-final-S4/public/index.php(59): CodeIgniter\Boot::bootWeb()
#14 /home/aliah/Documents/Projet-final-S4/system/rewrite.php(44): require_once('...')
#15 {main}

Next CodeIgniter\Database\Exceptions\DatabaseException: SQLite3 error: Unable to open database: unable to open database file in /home/aliah/Documents/Projet-final-S4/system/Database/SQLite3/Connection.php:118
Stack trace:
#0 /home/aliah/Documents/Projet-final-S4/system/Database/BaseConnection.php(555): CodeIgniter\Database\SQLite3\Connection->connect()
#1 /home/aliah/Documents/Projet-final-S4/system/Database/SQLite3/Connection.php(74): CodeIgniter\Database\BaseConnection->initialize()
#2 /home/aliah/Documents/Projet-final-S4/system/Database/BaseConnection.php(795): CodeIgniter\Database\SQLite3\Connection->initialize()
#3 /home/aliah/Documents/Projet-final-S4/system/Database/BaseConnection.php(1706): CodeIgniter\Database\BaseConnection->query()
#4 /home/aliah/Documents/Projet-final-S4/system/Database/BaseConnection.php(1726): CodeIgniter\Database\BaseConnection->listTables()
#5 /home/aliah/Documents/Projet-final-S4/app/Models/ClientModel.php(38): CodeIgniter\Database\BaseConnection->tableExists()
#6 /home/aliah/Documents/Projet-final-S4/app/Controllers/ClientController.php(28): App\Models\ClientModel->trouverOuCreerClient()
#7 /home/aliah/Documents/Projet-final-S4/system/CodeIgniter.php(951): App\Controllers\ClientController->login()
#8 /home/aliah/Documents/Projet-final-S4/system/CodeIgniter.php(497): CodeIgniter\CodeIgniter->runController()
#9 /home/aliah/Documents/Projet-final-S4/system/CodeIgniter.php(340): CodeIgniter\CodeIgniter->handleRequest()
#10 /home/aliah/Documents/Projet-final-S4/system/Boot.php(417): CodeIgniter\CodeIgniter->run()
#11 /home/aliah/Documents/Projet-final-S4/system/Boot.php(68): CodeIgniter\Boot::runCodeIgniter()
#12 /home/aliah/Documents/Projet-final-S4/public/index.php(59): CodeIgniter\Boot::bootWeb()
#13 /home/aliah/Documents/Projet-final-S4/system/rewrite.php(44): require_once('...')
#14 {main}
CRITICAL - 2026-07-20 12:02:45 --> CodeIgniter\Database\Exceptions\DatabaseException: Unable to connect to the database.
Main connection [SQLite3]: SQLite3 error: Unable to open database: unable to open database file
[Method: POST, Route: login]
in SYSTEMPATH/Database/BaseConnection.php on line 606.
 1 SYSTEMPATH/Database/SQLite3/Connection.php(74): CodeIgniter\Database\BaseConnection->initialize()
 2 SYSTEMPATH/Database/BaseConnection.php(795): CodeIgniter\Database\SQLite3\Connection->initialize()
 3 SYSTEMPATH/Database/BaseConnection.php(1706): CodeIgniter\Database\BaseConnection->query()
 4 SYSTEMPATH/Database/BaseConnection.php(1726): CodeIgniter\Database\BaseConnection->listTables()
 5 APPPATH/Models/ClientModel.php(38): CodeIgniter\Database\BaseConnection->tableExists()
 6 APPPATH/Controllers/ClientController.php(28): App\Models\ClientModel->trouverOuCreerClient()
 7 SYSTEMPATH/CodeIgniter.php(951): App\Controllers\ClientController->login()
 8 SYSTEMPATH/CodeIgniter.php(497): CodeIgniter\CodeIgniter->runController()
 9 SYSTEMPATH/CodeIgniter.php(340): CodeIgniter\CodeIgniter->handleRequest()
10 SYSTEMPATH/Boot.php(417): CodeIgniter\CodeIgniter->run()
11 SYSTEMPATH/Boot.php(68): CodeIgniter\Boot::runCodeIgniter()
12 FCPATH/index.php(59): CodeIgniter\Boot::bootWeb()
13 SYSTEMPATH/rewrite.php(44): require_once('/home/aliah/Documents/Projet-final-S4/public/index.php')
